<?xml version="1.0" encoding="UTF-8"?>
<testsuite xmlns:xsi="http://www.w3.org/2001/XMLSchema-instance" xsi:noNamespaceSchemaLocation="https://maven.apache.org/surefire/maven-surefire-plugin/xsd/surefire-test-report-3.0.xsd" version="3.0" name="BatchProcessingTest" time="0.095" tests="1" errors="0" skipped="0" failures="0">
  <properties>
[...]
</properties>
  <testcase name="testBatchProcessing" classname="BatchProcessingTest" time="0.069">
    <system-out><![CDATA[Batch processing completed. Output saved to: C:\Users\marce\AppData\Local\Temp\tmp_output16209480485077883065.csv
]]></system-out>
  </testcase>
</testsuite>